<?xml version="1.0" encoding="UTF-8"?>
<testsuite name="jp.ac.kyoto_u.i.soc.ai.iostbase.GPSSensorTest" tests="1" skipped="0" failures="0" errors="0" timestamp="2021-01-17T20:55:28" hostname="ip-172-31-36-38" time="0.021">
  <properties/>
  <testcase name="test()" classname="jp.ac.kyoto_u.i.soc.ai.iostbase.GPSSensorTest" time="0.021"/>
  <system-out><![CDATA[]]></system-out>
  <system-err><![CDATA[]]></system-err>
</testsuite>
