<?xml version="1.0" encoding="UTF-8"?>
<testsuite name="jp.ac.kyoto_u.i.soc.ai.iostbase.EventManagementServiceTest" tests="5" skipped="0" failures="0" errors="0" timestamp="2021-01-17T20:55:27" hostname="ip-172-31-36-38" time="1.026">
  <properties/>
  <testcase name="test_getLatestEventsByPlaceTagAndDataType()" classname="jp.ac.kyoto_u.i.soc.ai.iostbase.EventManagementServiceTest" time="0.696"/>
  <testcase name="geotest()" classname="jp.ac.kyoto_u.i.soc.ai.iostbase.EventManagementServiceTest" time="0.199"/>
  <testcase name="test_getEvents()" classname="jp.ac.kyoto_u.i.soc.ai.iostbase.EventManagementServiceTest" time="0.053"/>
  <testcase name="contextLoads()" classname="jp.ac.kyoto_u.i.soc.ai.iostbase.EventManagementServiceTest" time="0.018"/>
  <testcase name="test_getLatestEventsByLatLngAndDataType()" classname="jp.ac.kyoto_u.i.soc.ai.iostbase.EventManagementServiceTest" time="0.041"/>
  <system-out><![CDATA[20:55:11.630 [Test worker] DEBUG org.springframework.test.context.BootstrapUtils - Instantiating CacheAwareContextLoaderDelegate from class [org.springframework.test.context.cache.DefaultCacheAwareContextLoaderDelegate]
20:55:11.655 [Test worker] DEBUG org.springframework.test.context.BootstrapUtils - Instantiating BootstrapContext using constructor [public org.springframework.test.context.support.DefaultBootstrapContext(java.lang.Class,org.springframework.test.context.CacheAwareContextLoaderDelegate)]
20:55:11.742 [Test worker] DEBUG org.springframework.test.context.BootstrapUtils - Instantiating TestContextBootstrapper for test class [jp.ac.kyoto_u.i.soc.ai.iostbase.EventManagementServiceTest] from class [org.springframework.boot.test.context.SpringBootTestContextBootstrapper]
20:55:11.770 [Test worker] INFO org.springframework.boot.test.context.SpringBootTestContextBootstrapper - Neither @ContextConfiguration nor @ContextHierarchy found for test class [jp.ac.kyoto_u.i.soc.ai.iostbase.EventManagementServiceTest], using SpringBootContextLoader
20:55:11.784 [Test worker] DEBUG org.springframework.test.context.support.AbstractContextLoader - Did not detect default resource location for test class [jp.ac.kyoto_u.i.soc.ai.iostbase.EventManagementServiceTest]: class path resource [jp/ac/kyoto_u/i/soc/ai/iostbase/EventManagementServiceTest-context.xml] does not exist
20:55:11.786 [Test worker] DEBUG org.springframework.test.context.support.AbstractContextLoader - Did not detect default resource location for test class [jp.ac.kyoto_u.i.soc.ai.iostbase.EventManagementServiceTest]: class path resource [jp/ac/kyoto_u/i/soc/ai/iostbase/EventManagementServiceTestContext.groovy] does not exist
20:55:11.787 [Test worker] INFO org.springframework.test.context.support.AbstractContextLoader - Could not detect default resource locations for test class [jp.ac.kyoto_u.i.soc.ai.iostbase.EventManagementServiceTest]: no resource found for suffixes {-context.xml, Context.groovy}.
20:55:11.788 [Test worker] INFO org.springframework.test.context.support.AnnotationConfigContextLoaderUtils - Could not detect default configuration classes for test class [jp.ac.kyoto_u.i.soc.ai.iostbase.EventManagementServiceTest]: EventManagementServiceTest does not declare any static, non-private, non-final, nested classes annotated with @Configuration.
20:55:11.934 [Test worker] DEBUG org.springframework.test.context.support.ActiveProfilesUtils - Could not find an 'annotation declaring class' for annotation type [org.springframework.test.context.ActiveProfiles] and class [jp.ac.kyoto_u.i.soc.ai.iostbase.EventManagementServiceTest]
20:55:12.106 [Test worker] DEBUG org.springframework.context.annotation.ClassPathScanningCandidateComponentProvider - Identified candidate component class: file [/home/ec2-user/environment/iostbase/build/classes/java/main/jp/ac/kyoto_u/i/soc/ai/iostbase/IostbaseApplication.class]
20:55:12.141 [Test worker] INFO org.springframework.boot.test.context.SpringBootTestContextBootstrapper - Found @SpringBootConfiguration jp.ac.kyoto_u.i.soc.ai.iostbase.IostbaseApplication for test class jp.ac.kyoto_u.i.soc.ai.iostbase.EventManagementServiceTest
20:55:12.384 [Test worker] DEBUG org.springframework.boot.test.context.SpringBootTestContextBootstrapper - @TestExecutionListeners is not present for class [jp.ac.kyoto_u.i.soc.ai.iostbase.EventManagementServiceTest]: using defaults.
20:55:12.387 [Test worker] INFO org.springframework.boot.test.context.SpringBootTestContextBootstrapper - Loaded default TestExecutionListener class names from location [META-INF/spring.factories]: [org.springframework.security.test.context.support.WithSecurityContextTestExecutionListener, org.springframework.security.test.context.support.ReactorContextTestExecutionListener, org.springframework.boot.test.autoconfigure.restdocs.RestDocsTestExecutionListener, org.springframework.boot.test.autoconfigure.web.client.MockRestServiceServerResetTestExecutionListener, org.springframework.boot.test.autoconfigure.web.servlet.MockMvcPrintOnlyOnFailureTestExecutionListener, org.springframework.boot.test.autoconfigure.web.servlet.WebDriverTestExecutionListener, org.springframework.boot.test.autoconfigure.webservices.client.MockWebServiceServerTestExecutionListener, org.springframework.boot.test.mock.mockito.MockitoTestExecutionListener, org.springframework.boot.test.mock.mockito.ResetMocksTestExecutionListener, org.springframework.test.context.web.ServletTestExecutionListener, org.springframework.test.context.support.DirtiesContextBeforeModesTestExecutionListener, org.springframework.test.context.support.DependencyInjectionTestExecutionListener, org.springframework.test.context.support.DirtiesContextTestExecutionListener, org.springframework.test.context.transaction.TransactionalTestExecutionListener, org.springframework.test.context.jdbc.SqlScriptsTestExecutionListener, org.springframework.test.context.event.EventPublishingTestExecutionListener]
20:55:12.426 [Test worker] INFO org.springframework.boot.test.context.SpringBootTestContextBootstrapper - Using TestExecutionListeners: [org.springframework.test.context.web.ServletTestExecutionListener@67545e5f, org.springframework.test.context.support.DirtiesContextBeforeModesTestExecutionListener@3b2dc194, org.springframework.boot.test.mock.mockito.MockitoTestExecutionListener@632ae08c, org.springframework.boot.test.autoconfigure.SpringBootDependencyInjectionTestExecutionListener@708e1dde, org.springframework.test.context.support.DirtiesContextTestExecutionListener@35ed0336, org.springframework.test.context.transaction.TransactionalTestExecutionListener@6019457e, org.springframework.test.context.jdbc.SqlScriptsTestExecutionListener@5403f771, org.springframework.security.test.context.support.WithSecurityContextTestExecutionListener@54e360c2, org.springframework.test.context.event.EventPublishingTestExecutionListener@94a2ddb, org.springframework.security.test.context.support.ReactorContextTestExecutionListener@2352ab39, org.springframework.boot.test.autoconfigure.restdocs.RestDocsTestExecutionListener@6821685d, org.springframework.boot.test.autoconfigure.web.client.MockRestServiceServerResetTestExecutionListener@278be0eb, org.springframework.boot.test.autoconfigure.web.servlet.MockMvcPrintOnlyOnFailureTestExecutionListener@7ff72534, org.springframework.boot.test.autoconfigure.web.servlet.WebDriverTestExecutionListener@494a5290, org.springframework.boot.test.autoconfigure.webservices.client.MockWebServiceServerTestExecutionListener@2acab864, org.springframework.boot.test.mock.mockito.ResetMocksTestExecutionListener@52be996e]
20:55:12.433 [Test worker] DEBUG org.springframework.test.context.support.AbstractDirtiesContextTestExecutionListener - Before test class: context [DefaultTestContext@5438a505 testClass = EventManagementServiceTest, testInstance = [null], testMethod = [null], testException = [null], mergedContextConfiguration = [WebMergedContextConfiguration@68cedc4f testClass = EventManagementServiceTest, locations = '{}', classes = '{class jp.ac.kyoto_u.i.soc.ai.iostbase.IostbaseApplication}', contextInitializerClasses = '[]', activeProfiles = '{}', propertySourceLocations = '{}', propertySourceProperties = '{org.springframework.boot.test.context.SpringBootTestContextBootstrapper=true}', contextCustomizers = set[org.springframework.boot.test.autoconfigure.actuate.metrics.MetricsExportContextCustomizerFactory$DisableMetricExportContextCustomizer@7dd46c6a, org.springframework.boot.test.autoconfigure.properties.PropertyMappingContextCustomizer@0, org.springframework.boot.test.autoconfigure.web.servlet.WebDriverContextCustomizerFactory$Customizer@5e1b4bc2, org.springframework.boot.test.context.filter.ExcludeFilterContextCustomizer@7771d6dd, org.springframework.boot.test.json.DuplicateJsonObjectContextCustomizerFactory$DuplicateJsonObjectContextCustomizer@51d8d2b8, org.springframework.boot.test.mock.mockito.MockitoContextCustomizer@0, org.springframework.boot.test.web.client.TestRestTemplateContextCustomizer@4f452abf, org.springframework.boot.test.context.SpringBootTestArgs@1, org.springframework.boot.test.context.SpringBootTestWebEnvironment@6fe094ee], resourceBasePath = 'src/main/webapp', contextLoader = 'org.springframework.boot.test.context.SpringBootContextLoader', parent = [null]], attributes = map['org.springframework.test.context.web.ServletTestExecutionListener.activateListener' -> true]], class annotated with @DirtiesContext [false] with mode [null].
20:55:12.497 [Test worker] DEBUG org.springframework.test.context.support.TestPropertySourceUtils - Adding inlined properties to environment: {spring.jmx.enabled=false, org.springframework.boot.test.context.SpringBootTestContextBootstrapper=true}

  .   ____          _            __ _ _
 /\\ / ___'_ __ _ _(_)_ __  __ _ \ \ \ \
( ( )\___ | '_ | '_| | '_ \/ _` | \ \ \ \
 \\/  ___)| |_)| | | | | || (_| |  ) ) ) )
  '  |____| .__|_| |_|_| |_\__, | / / / /
 =========|_|==============|___/=/_/_/_/
 :: Spring Boot ::                (v2.4.1)

2021-01-17 20:55:13.241  INFO 15479 --- [    Test worker] j.a.k.i.s.a.i.EventManagementServiceTest : Starting EventManagementServiceTest using Java 11.0.3 on ip-172-31-36-38 with PID 15479 (started by ec2-user in /home/ec2-user/environment/iostbase)
2021-01-17 20:55:13.246  INFO 15479 --- [    Test worker] j.a.k.i.s.a.i.EventManagementServiceTest : No active profile set, falling back to default profiles: default
2021-01-17 20:55:15.029  INFO 15479 --- [    Test worker] .s.d.r.c.RepositoryConfigurationDelegate : Bootstrapping Spring Data JPA repositories in DEFAULT mode.
2021-01-17 20:55:15.196  INFO 15479 --- [    Test worker] .s.d.r.c.RepositoryConfigurationDelegate : Finished Spring Data repository scanning in 148 ms. Found 2 JPA repository interfaces.
2021-01-17 20:55:16.952  INFO 15479 --- [    Test worker] com.zaxxer.hikari.HikariDataSource       : HikariPool-1 - Starting...
2021-01-17 20:55:18.568  INFO 15479 --- [    Test worker] com.zaxxer.hikari.HikariDataSource       : HikariPool-1 - Start completed.
2021-01-17 20:55:18.771  INFO 15479 --- [    Test worker] o.hibernate.jpa.internal.util.LogHelper  : HHH000204: Processing PersistenceUnitInfo [name: default]
2021-01-17 20:55:18.895  INFO 15479 --- [    Test worker] org.hibernate.Version                    : HHH000412: Hibernate ORM core version 5.4.25.Final
2021-01-17 20:55:19.255  INFO 15479 --- [    Test worker] o.hibernate.annotations.common.Version   : HCANN000001: Hibernate Commons Annotations {5.1.2.Final}
2021-01-17 20:55:20.733  INFO 15479 --- [    Test worker] org.hibernate.dialect.Dialect            : HHH000400: Using dialect: org.hibernate.dialect.H2Dialect
2021-01-17 20:55:21.998  INFO 15479 --- [    Test worker] o.h.e.t.j.p.i.JtaPlatformInitiator       : HHH000490: Using JtaPlatform implementation: [org.hibernate.engine.transaction.jta.platform.internal.NoJtaPlatform]
2021-01-17 20:55:22.017  INFO 15479 --- [    Test worker] j.LocalContainerEntityManagerFactoryBean : Initialized JPA EntityManagerFactory for persistence unit 'default'
2021-01-17 20:55:23.878  WARN 15479 --- [    Test worker] JpaBaseConfiguration$JpaWebConfiguration : spring.jpa.open-in-view is enabled by default. Therefore, database queries may be performed during view rendering. Explicitly configure spring.jpa.open-in-view to disable this warning
2021-01-17 20:55:24.152  WARN 15479 --- [    Test worker] o.s.security.core.userdetails.User       : User.withDefaultPasswordEncoder() is considered unsafe for production and is only intended for sample applications.
2021-01-17 20:55:25.310  INFO 15479 --- [    Test worker] o.s.s.web.DefaultSecurityFilterChain     : Will secure Ant [pattern='/images/**'] with []
2021-01-17 20:55:25.314  INFO 15479 --- [    Test worker] o.s.s.web.DefaultSecurityFilterChain     : Will secure Ant [pattern='/js/**'] with []
2021-01-17 20:55:25.315  INFO 15479 --- [    Test worker] o.s.s.web.DefaultSecurityFilterChain     : Will secure Ant [pattern='/css/**'] with []
2021-01-17 20:55:25.315  INFO 15479 --- [    Test worker] o.s.s.web.DefaultSecurityFilterChain     : Will secure Ant [pattern='/jsServices/**'] with []
2021-01-17 20:55:25.537  INFO 15479 --- [    Test worker] o.s.s.web.DefaultSecurityFilterChain     : Will secure any request with [org.springframework.security.web.context.request.async.WebAsyncManagerIntegrationFilter@37c475a6, org.springframework.security.web.context.SecurityContextPersistenceFilter@69c9d57d, org.springframework.security.web.header.HeaderWriterFilter@1e07dd5, org.springframework.security.web.authentication.logout.LogoutFilter@58e0ca69, org.springframework.security.web.authentication.UsernamePasswordAuthenticationFilter@13ff6115, org.springframework.security.web.authentication.ui.DefaultLoginPageGeneratingFilter@157ab7b4, org.springframework.security.web.authentication.ui.DefaultLogoutPageGeneratingFilter@3183ea18, org.springframework.security.web.savedrequest.RequestCacheAwareFilter@243fdae7, org.springframework.security.web.servletapi.SecurityContextHolderAwareRequestFilter@3d94fd55, org.springframework.security.web.authentication.AnonymousAuthenticationFilter@491106c9, org.springframework.security.web.session.SessionManagementFilter@46bacbc3, org.springframework.security.web.access.ExceptionTranslationFilter@5e46a393, org.springframework.security.web.access.intercept.FilterSecurityInterceptor@32770491]
2021-01-17 20:55:25.954  INFO 15479 --- [    Test worker] o.s.s.concurrent.ThreadPoolTaskExecutor  : Initializing ExecutorService 'applicationTaskExecutor'
2021-01-17 20:55:27.783  INFO 15479 --- [    Test worker] o.s.s.c.ThreadPoolTaskScheduler          : Initializing ExecutorService 'taskScheduler'
2021-01-17 20:55:27.880  INFO 15479 --- [    Test worker] j.a.k.i.s.a.i.EventManagementServiceTest : Started EventManagementServiceTest in 15.368 seconds (JVM running for 18.983)
]]></system-out>
  <system-err><![CDATA[]]></system-err>
</testsuite>
